<?xml version="1.0" encoding="UTF-8"?>
<testsuites>
    <testsuite name="account;i-type-in-an-unused-email-adress-and-a-password-i-should-be-able-to-create-an-account" tests="9" failures="0" skipped="8">
        <properties>
            <property name="URI" value="/Users/ida_ac/Desktop/IMDB/features/konto.feature">
            </property>
        </properties>
<<<<<<< Updated upstream
        <testcase name="Given That I’m on the platform IMDb.com" classname="account;i-type-in-an-unused-email-adress-and-a-password-i-should-be-able-to-create-an-account" time="9.39072634">
        </testcase>
        <testcase name="When i press the button sign in" classname="account;i-type-in-an-unused-email-adress-and-a-password-i-should-be-able-to-create-an-account">
            <skipped message="">
            </skipped>
        </testcase>
        <testcase name="And press the button Create a New Account" classname="account;i-type-in-an-unused-email-adress-and-a-password-i-should-be-able-to-create-an-account">
            <skipped message="">
            </skipped>
        </testcase>
        <testcase name="And I enter my name" classname="account;i-type-in-an-unused-email-adress-and-a-password-i-should-be-able-to-create-an-account">
            <skipped message="">
            </skipped>
        </testcase>
        <testcase name="And I enter a email adress" classname="account;i-type-in-an-unused-email-adress-and-a-password-i-should-be-able-to-create-an-account">
            <skipped message="">
            </skipped>
        </testcase>
        <testcase name="And I type in a password" classname="account;i-type-in-an-unused-email-adress-and-a-password-i-should-be-able-to-create-an-account">
            <skipped message="">
            </skipped>
        </testcase>
        <testcase name="And I re-enter the same password" classname="account;i-type-in-an-unused-email-adress-and-a-password-i-should-be-able-to-create-an-account">
            <skipped message="">
            </skipped>
        </testcase>
        <testcase name="And I press Create your IMDb account" classname="account;i-type-in-an-unused-email-adress-and-a-password-i-should-be-able-to-create-an-account">
            <skipped message="">
            </skipped>
        </testcase>
<<<<<<< Updated upstream
        <testcase name="Then I should be automatically logged in to my account" classname="feature-name;i-type-in-an-unused-email-adress-and-a-password-i-should-be-able-to-create-an-account" time="4.339625409">
=======
            <property name="URI" value="/Users/ida_ac/Desktop/IMDB/features/search-IMDB.feature">
            </property>
        </properties>
        <testcase name="Given That I’m on the platform IMDb.com" classname=";as-a-user-i-want-to-be-able-to-search-on-titles-on-imdb" time="9.280772582">
        </testcase>
        <testcase name="When I enter the title &quot;Lion King&quot;" classname=";as-a-user-i-want-to-be-able-to-search-on-titles-on-imdb" time="2.006460878">
        </testcase>
        <testcase name="And I press the categories button titles" classname=";as-a-user-i-want-to-be-able-to-search-on-titles-on-imdb" time="2.552732699">
        </testcase>
        <testcase name="When I press the search button" classname=";as-a-user-i-want-to-be-able-to-search-on-titles-on-imdb" time="3.185275261">
        </testcase>
        <testcase name="Then I should see the search results based on the title &quot;Lion King&quot;" classname=";as-a-user-i-want-to-be-able-to-search-on-titles-on-imdb" time="2.336554342">
>>>>>>> Stashed changes
=======
        <testcase name="Then I should be automatically logged in to my account" classname="account;i-type-in-an-unused-email-adress-and-a-password-i-should-be-able-to-create-an-account">
            <skipped message="">
            </skipped>
>>>>>>> Stashed changes
=======
        <testcase name="Given That I’m on the platform IMDb.com" classname="feature-name;i-type-in-an-unused-email-adress-and-a-password-i-should-be-able-to-create-an-account" time="9.376841294">
        </testcase>
        <testcase name="When i press the button sign in" classname="feature-name;i-type-in-an-unused-email-adress-and-a-password-i-should-be-able-to-create-an-account" time="2.110628002">
        </testcase>
        <testcase name="And press the button Create a New Account" classname="feature-name;i-type-in-an-unused-email-adress-and-a-password-i-should-be-able-to-create-an-account" time="2.0133526">
        </testcase>
        <testcase name="And I enter my name" classname="feature-name;i-type-in-an-unused-email-adress-and-a-password-i-should-be-able-to-create-an-account" time="2.190463433">
        </testcase>
        <testcase name="And I enter a email adress" classname="feature-name;i-type-in-an-unused-email-adress-and-a-password-i-should-be-able-to-create-an-account" time="2.084899993">
        </testcase>
        <testcase name="And I type in a password" classname="feature-name;i-type-in-an-unused-email-adress-and-a-password-i-should-be-able-to-create-an-account" time="2.15498191">
        </testcase>
        <testcase name="And I re-enter the same password" classname="feature-name;i-type-in-an-unused-email-adress-and-a-password-i-should-be-able-to-create-an-account" time="2.045270852">
        </testcase>
        <testcase name="And I press Create your IMDb account" classname="feature-name;i-type-in-an-unused-email-adress-and-a-password-i-should-be-able-to-create-an-account" time="2.009883714">
        </testcase>
        <testcase name="Then I should be automatically logged in to my account" classname="feature-name;i-type-in-an-unused-email-adress-and-a-password-i-should-be-able-to-create-an-account" time="4.3444512">
>>>>>>> Stashed changes
        </testcase>
    </testsuite>
    <testsuite name="account;i-want-to-login-with-the-same-email-and-password-that-i-registered-with" tests="7" failures="0" skipped="6">
        <properties>
<<<<<<< Updated upstream
<<<<<<< Updated upstream
            <property name="URI" value="/Users/mariantowfik/Desktop/Cucumber/IMDB/features/konto.feature">
            </property>
        </properties>
        <testcase name="Given That I’m on the platform IMDb.com" classname="account;i-want-to-login-with-the-same-email-and-password-that-i-registered-with" time="7.767942763">
        </testcase>
        <testcase name="When i press the button sign in" classname="account;i-want-to-login-with-the-same-email-and-password-that-i-registered-with">
            <skipped message="">
            </skipped>
        </testcase>
        <testcase name="And press the sign in with IMDb button" classname="account;i-want-to-login-with-the-same-email-and-password-that-i-registered-with">
            <skipped message="">
            </skipped>
        </testcase>
        <testcase name="And I enter my email" classname="account;i-want-to-login-with-the-same-email-and-password-that-i-registered-with">
            <skipped message="">
            </skipped>
        </testcase>
<<<<<<< Updated upstream
        <testcase name="And I enter my password" classname="feature-name;i-want-to-login-with-the-same-email-and-password-that-i-registered-with" time="2.064511291">
=======
            <property name="URI" value="/Users/ida_ac/Desktop/IMDB/features/search-IMDB.feature">
=======
            <property name="URI" value="/Users/ida_ac/Desktop/IMDB/features/konto.feature">
>>>>>>> Stashed changes
            </property>
        </properties>
        <testcase name="Given That I’m on the platform IMDb.com" classname="feature-name;i-want-to-login-with-the-same-email-and-password-that-i-registered-with" time="8.320510597">
        </testcase>
        <testcase name="When i press the button sign in" classname="feature-name;i-want-to-login-with-the-same-email-and-password-that-i-registered-with" time="2.097688259">
        </testcase>
        <testcase name="And press the sign in with IMDb button" classname="feature-name;i-want-to-login-with-the-same-email-and-password-that-i-registered-with" time="2.082872776">
        </testcase>
        <testcase name="And I enter my email" classname="feature-name;i-want-to-login-with-the-same-email-and-password-that-i-registered-with" time="2.205293538">
        </testcase>
        <testcase name="And I enter my password" classname="feature-name;i-want-to-login-with-the-same-email-and-password-that-i-registered-with" time="2.047329274">
        </testcase>
<<<<<<< Updated upstream
        <testcase name="And I re-enter the same password" classname=";i-type-in-an-unused-email-adress-and-a-password-i-should-be-able-to-create-an-account" time="2.074533135">
>>>>>>> Stashed changes
=======
        <testcase name="And I enter my password" classname="account;i-want-to-login-with-the-same-email-and-password-that-i-registered-with">
            <skipped message="">
            </skipped>
>>>>>>> Stashed changes
        </testcase>
        <testcase name="And I press the yellow sign in button" classname="account;i-want-to-login-with-the-same-email-and-password-that-i-registered-with">
            <skipped message="">
            </skipped>
        </testcase>
        <testcase name="Then I should be logged in to my account" classname="account;i-want-to-login-with-the-same-email-and-password-that-i-registered-with">
            <skipped message="">
            </skipped>
        </testcase>
    </testsuite>
<<<<<<< Updated upstream
<<<<<<< Updated upstream
=======
        <testcase name="And I press the yellow sign in button" classname="feature-name;i-want-to-login-with-the-same-email-and-password-that-i-registered-with" time="2.05847298">
        </testcase>
        <testcase name="Then I should be logged in to my account" classname="feature-name;i-want-to-login-with-the-same-email-and-password-that-i-registered-with" time="3.596030624">
        </testcase>
    </testsuite>
>>>>>>> Stashed changes
    <testsuite name="feature-name;if-i-enter-a-faulty-password,-then-i-should-get-a-warning-when-trying-to-create-the-accouunt" tests="9" failures="0" skipped="0">
=======
    <testsuite name="account;if-i-enter-a-faulty-password,-then-i-should-get-a-warning-when-trying-to-create-the-accouunt" tests="9" failures="0" skipped="8">
>>>>>>> Stashed changes
        <properties>
            <property name="URI" value="/Users/ida_ac/Desktop/IMDB/features/konto.feature">
            </property>
        </properties>
<<<<<<< Updated upstream
        <testcase name="Given That I’m on the platform IMDb.com" classname="account;if-i-enter-a-faulty-password,-then-i-should-get-a-warning-when-trying-to-create-the-accouunt" time="8.564063064">
        </testcase>
        <testcase name="When i press the button sign in" classname="account;if-i-enter-a-faulty-password,-then-i-should-get-a-warning-when-trying-to-create-the-accouunt">
            <skipped message="">
            </skipped>
        </testcase>
        <testcase name="And press the button Create a New Account" classname="account;if-i-enter-a-faulty-password,-then-i-should-get-a-warning-when-trying-to-create-the-accouunt">
            <skipped message="">
            </skipped>
        </testcase>
        <testcase name="And I enter my name" classname="account;if-i-enter-a-faulty-password,-then-i-should-get-a-warning-when-trying-to-create-the-accouunt">
            <skipped message="">
            </skipped>
        </testcase>
        <testcase name="And I enter an unused email adress" classname="account;if-i-enter-a-faulty-password,-then-i-should-get-a-warning-when-trying-to-create-the-accouunt">
            <skipped message="">
            </skipped>
        </testcase>
        <testcase name="And I type in a faulty password" classname="account;if-i-enter-a-faulty-password,-then-i-should-get-a-warning-when-trying-to-create-the-accouunt">
            <skipped message="">
            </skipped>
        </testcase>
        <testcase name="And I re-enter the same faulty password" classname="account;if-i-enter-a-faulty-password,-then-i-should-get-a-warning-when-trying-to-create-the-accouunt">
            <skipped message="">
            </skipped>
        </testcase>
        <testcase name="And I press Create your IMDb account" classname="account;if-i-enter-a-faulty-password,-then-i-should-get-a-warning-when-trying-to-create-the-accouunt">
            <skipped message="">
            </skipped>
        </testcase>
        <testcase name="Then I should get a warning box" classname="account;if-i-enter-a-faulty-password,-then-i-should-get-a-warning-when-trying-to-create-the-accouunt">
            <skipped message="">
            </skipped>
        </testcase>
    </testsuite>
<<<<<<< Updated upstream
    <testsuite name=";as-a-user-i-want-to-be-able-to-search-on-titles-on-imdb" tests="5" failures="0" skipped="0">
=======
    <testsuite name=";i-want-to-login-with-the-same-email-and-password-that-i-registered-with" tests="7" failures="0" skipped="1">
=======
        <testcase name="Given That I’m on the platform IMDb.com" classname="feature-name;if-i-enter-a-faulty-password,-then-i-should-get-a-warning-when-trying-to-create-the-accouunt" time="8.331170841">
        </testcase>
        <testcase name="When i press the button sign in" classname="feature-name;if-i-enter-a-faulty-password,-then-i-should-get-a-warning-when-trying-to-create-the-accouunt" time="2.097084573">
        </testcase>
        <testcase name="And press the button Create a New Account" classname="feature-name;if-i-enter-a-faulty-password,-then-i-should-get-a-warning-when-trying-to-create-the-accouunt" time="2.011473042">
        </testcase>
        <testcase name="And I enter my name" classname="feature-name;if-i-enter-a-faulty-password,-then-i-should-get-a-warning-when-trying-to-create-the-accouunt" time="2.118655688">
        </testcase>
        <testcase name="And I enter an unused email adress" classname="feature-name;if-i-enter-a-faulty-password,-then-i-should-get-a-warning-when-trying-to-create-the-accouunt" time="2.088555893">
        </testcase>
        <testcase name="And I type in a faulty password" classname="feature-name;if-i-enter-a-faulty-password,-then-i-should-get-a-warning-when-trying-to-create-the-accouunt" time="2.077115781">
        </testcase>
        <testcase name="And I re-enter the same faulty password" classname="feature-name;if-i-enter-a-faulty-password,-then-i-should-get-a-warning-when-trying-to-create-the-accouunt" time="2.03937747">
        </testcase>
        <testcase name="And I press Create your IMDb account" classname="feature-name;if-i-enter-a-faulty-password,-then-i-should-get-a-warning-when-trying-to-create-the-accouunt" time="2.008328774">
        </testcase>
        <testcase name="Then I should get a warning box" classname="feature-name;if-i-enter-a-faulty-password,-then-i-should-get-a-warning-when-trying-to-create-the-accouunt" time="2.012989951">
        </testcase>
    </testsuite>
    <testsuite name="feature-name;if-my-repeated-password-does-not-match-the-first-one-i-entered,-i-will-receive-a-warning-when-i-try-to-create-my-account" tests="9" failures="0" skipped="0">
>>>>>>> Stashed changes
        <properties>
            <property name="URI" value="/Users/ida_ac/Desktop/IMDB/features/konto.feature">
            </property>
        </properties>
        <testcase name="Given That I’m on the platform IMDb.com" classname="feature-name;if-my-repeated-password-does-not-match-the-first-one-i-entered,-i-will-receive-a-warning-when-i-try-to-create-my-account" time="8.069129634">
        </testcase>
        <testcase name="When i press the button sign in" classname="feature-name;if-my-repeated-password-does-not-match-the-first-one-i-entered,-i-will-receive-a-warning-when-i-try-to-create-my-account" time="2.09467198">
        </testcase>
        <testcase name="And press the button Create a New Account" classname="feature-name;if-my-repeated-password-does-not-match-the-first-one-i-entered,-i-will-receive-a-warning-when-i-try-to-create-my-account" time="2.005588369">
        </testcase>
        <testcase name="And I enter my name" classname="feature-name;if-my-repeated-password-does-not-match-the-first-one-i-entered,-i-will-receive-a-warning-when-i-try-to-create-my-account" time="2.138884332">
        </testcase>
        <testcase name="And I enter a email adress" classname="feature-name;if-my-repeated-password-does-not-match-the-first-one-i-entered,-i-will-receive-a-warning-when-i-try-to-create-my-account" time="2.088678772">
        </testcase>
        <testcase name="And I enter my password" classname="feature-name;if-my-repeated-password-does-not-match-the-first-one-i-entered,-i-will-receive-a-warning-when-i-try-to-create-my-account" time="2.136419049">
        </testcase>
        <testcase name="And I reenter a not matching password" classname="feature-name;if-my-repeated-password-does-not-match-the-first-one-i-entered,-i-will-receive-a-warning-when-i-try-to-create-my-account" time="2.03258053">
        </testcase>
        <testcase name="And I press Create your IMDb account" classname="feature-name;if-my-repeated-password-does-not-match-the-first-one-i-entered,-i-will-receive-a-warning-when-i-try-to-create-my-account" time="2.01221451">
        </testcase>
<<<<<<< Updated upstream
        <testcase name="Then I should be logged in to my account" classname=";i-want-to-login-with-the-same-email-and-password-that-i-registered-with">
=======
    <testsuite name="rating;movie" tests="2" failures="0" skipped="1">
        <properties>
            <property name="URI" value="/Users/mariantowfik/Desktop/Cucumber/IMDB/features/rating.feature">
            </property>
        </properties>
        <testcase name="Given That I’m on the platform IMDb.com" classname="rating;movie" time="7.567637572">
        </testcase>
        <testcase name="And that I have searched for a movie title" classname="rating;movie">
            <skipped message="">
            </skipped>
        </testcase>
    </testsuite>
    <testsuite name="rating;tv-episode" tests="2" failures="0" skipped="1">
        <properties>
            <property name="URI" value="/Users/mariantowfik/Desktop/Cucumber/IMDB/features/rating.feature">
            </property>
        </properties>
        <testcase name="Given That I’m on the platform IMDb.com" classname="rating;tv-episode" time="7.531907274">
        </testcase>
        <testcase name="And that I have searched for a tv-episode" classname="rating;tv-episode">
>>>>>>> Stashed changes
            <skipped message="">
            </skipped>
        </testcase>
    </testsuite>
<<<<<<< Updated upstream
    <testsuite name=";if-i-enter-a-faulty-password,-then-i-should-get-a-warning-when-trying-to-create-the-accouunt" tests="9" failures="0" skipped="3">
>>>>>>> Stashed changes
=======
    <testsuite name="search;as-a-user-i-want-to-be-able-to-search-on-titles-on-imdb" tests="5" failures="0" skipped="0">
>>>>>>> Stashed changes
=======
        <testcase name="Then I should get a warning box" classname="feature-name;if-my-repeated-password-does-not-match-the-first-one-i-entered,-i-will-receive-a-warning-when-i-try-to-create-my-account" time="2.01139235">
        </testcase>
    </testsuite>
    <testsuite name=";as-a-user-i-want-to-be-able-to-search-on-titles-on-imdb" tests="5" failures="0" skipped="0">
>>>>>>> Stashed changes
        <properties>
            <property name="URI" value="/Users/ida_ac/Desktop/IMDB/features/search-IMDB.feature">
            </property>
        </properties>
<<<<<<< Updated upstream
<<<<<<< Updated upstream
<<<<<<< Updated upstream
        <testcase name="Given That I’m on the platform IMDb.com" classname=";as-a-user-i-want-to-be-able-to-search-on-titles-on-imdb" time="7.65537558">
        </testcase>
        <testcase name="When I enter the title &quot;Lion King&quot;" classname=";as-a-user-i-want-to-be-able-to-search-on-titles-on-imdb" time="2.009962866">
=======
        <testcase name="Given That I’m on the platform IMDb.com" classname=";if-i-enter-a-faulty-password,-then-i-should-get-a-warning-when-trying-to-create-the-accouunt" time="9.181614662">
        </testcase>
        <testcase name="When i press the button sign in" classname=";if-i-enter-a-faulty-password,-then-i-should-get-a-warning-when-trying-to-create-the-accouunt" time="2.010298157">
        </testcase>
        <testcase name="And press the button Create a New Account" classname=";if-i-enter-a-faulty-password,-then-i-should-get-a-warning-when-trying-to-create-the-accouunt" time="2.008110696">
        </testcase>
        <testcase name="And I enter my name" classname=";if-i-enter-a-faulty-password,-then-i-should-get-a-warning-when-trying-to-create-the-accouunt" time="2.148939841">
        </testcase>
        <testcase name="And I enter a email adress" classname=";if-i-enter-a-faulty-password,-then-i-should-get-a-warning-when-trying-to-create-the-accouunt" time="2.121919838">
        </testcase>
        <testcase name="And I type in a faulty password" classname=";if-i-enter-a-faulty-password,-then-i-should-get-a-warning-when-trying-to-create-the-accouunt" time="0.000095647">
>>>>>>> Stashed changes
=======
        <testcase name="Given That I’m on the platform IMDb.com" classname="search;as-a-user-i-want-to-be-able-to-search-on-titles-on-imdb" time="8.190031424">
        </testcase>
        <testcase name="When I enter the title &quot;Lion King&quot;" classname="search;as-a-user-i-want-to-be-able-to-search-on-titles-on-imdb" time="2.013281379">
>>>>>>> Stashed changes
        </testcase>
        <testcase name="And I press the categories button titles" classname="search;as-a-user-i-want-to-be-able-to-search-on-titles-on-imdb" time="2.516839204">
        </testcase>
        <testcase name="When I press the search button" classname="search;as-a-user-i-want-to-be-able-to-search-on-titles-on-imdb" time="1.716881756">
        </testcase>
        <testcase name="Then I should see the search results based on the title &quot;Lion King&quot;" classname="search;as-a-user-i-want-to-be-able-to-search-on-titles-on-imdb" time="2.19484051">
=======
        <testcase name="Given That I’m on the platform IMDb.com" classname=";as-a-user-i-want-to-be-able-to-search-on-titles-on-imdb" time="10.155770957">
        </testcase>
        <testcase name="When I enter the title &quot;Lion King&quot;" classname=";as-a-user-i-want-to-be-able-to-search-on-titles-on-imdb" time="2.006592989">
        </testcase>
        <testcase name="And I press the categories button titles" classname=";as-a-user-i-want-to-be-able-to-search-on-titles-on-imdb" time="2.492668644">
        </testcase>
        <testcase name="When I press the search button" classname=";as-a-user-i-want-to-be-able-to-search-on-titles-on-imdb" time="1.761171593">
        </testcase>
        <testcase name="Then I should see the search results based on the title &quot;Lion King&quot;" classname=";as-a-user-i-want-to-be-able-to-search-on-titles-on-imdb" time="2.146914544">
>>>>>>> Stashed changes
        </testcase>
    </testsuite>
</testsuites>