<?xml version="1.0" encoding="UTF-8"?>
<testsuites>
    <testsuite name="title;as-a-user-i-want-to-be-able-to-search-on-companies-on-imdb" tests="5" failures="0" skipped="0">
        <properties>
            <property name="URI" value="C:/Users/maxfa/Desktop/testverktyg/IMDB/features/search-IMDB.feature">
            </property>
        </properties>
        <testcase name="Given That I’m on the platform IMDb.com" classname="title;as-a-user-i-want-to-be-able-to-search-on-companies-on-imdb" time="28.903261299">
        </testcase>
        <testcase name="When I enter the company &quot;Twentieth Century Fox&quot;" classname="title;as-a-user-i-want-to-be-able-to-search-on-companies-on-imdb" time="2.048569601">
        </testcase>
        <testcase name="And I press the categories button companies" classname="title;as-a-user-i-want-to-be-able-to-search-on-companies-on-imdb" time="2.9149186">
        </testcase>
        <testcase name="And I press the search button" classname="title;as-a-user-i-want-to-be-able-to-search-on-companies-on-imdb" time="6.264020699">
        </testcase>
        <testcase name="Then I should see the search results based on the title &quot;Twentieth Century Fox&quot;" classname="title;as-a-user-i-want-to-be-able-to-search-on-companies-on-imdb" time="2.4800327">
        </testcase>
    </testsuite>
    <testsuite name="title;as-a-user-i-want-to-be-able-to-search-for-a-celebritie-on-imdb" tests="5" failures="0" skipped="0">
        <properties>
            <property name="URI" value="C:/Users/maxfa/Desktop/testverktyg/IMDB/features/search-IMDB.feature">
            </property>
        </properties>
        <testcase name="Given That I’m on the platform IMDb.com" classname="title;as-a-user-i-want-to-be-able-to-search-for-a-celebritie-on-imdb" time="28.1410806">
        </testcase>
        <testcase name="When I enter the name of &quot;Sylvester Stallone&quot;" classname="title;as-a-user-i-want-to-be-able-to-search-for-a-celebritie-on-imdb" time="2.049505501">
        </testcase>
        <testcase name="And I press the categories button celebrities" classname="title;as-a-user-i-want-to-be-able-to-search-for-a-celebritie-on-imdb" time="4.340943101">
        </testcase>
        <testcase name="And I press the search button" classname="title;as-a-user-i-want-to-be-able-to-search-for-a-celebritie-on-imdb" time="8.178884">
        </testcase>
        <testcase name="Then I should see the search results based on the name &quot;Sylvester Stallone&quot;" classname="title;as-a-user-i-want-to-be-able-to-search-for-a-celebritie-on-imdb" time="2.3677819">
        </testcase>
    </testsuite>
</testsuites>