<?xml version="1.0" encoding="UTF-8"?>
<testsuites>
    <testsuite name="as-a-user-i-want-to-manage-my-account;as-a-user-i-want-to-be-able-to-add/remove-from-my-watchlist" tests="7" failures="0" skipped="0">
        <properties>
            <property name="URI" value="C:/Users/Max/Desktop/IMDB/features/account-settings.feature">
            </property>
        </properties>
        <testcase name="Given That Iâ€™m on the platform IMDb.com" classname="as-a-user-i-want-to-manage-my-account;as-a-user-i-want-to-be-able-to-add/remove-from-my-watchlist" time="8.5743365">
        </testcase>
        <testcase name="Given that i am logged in" classname="as-a-user-i-want-to-manage-my-account;as-a-user-i-want-to-be-able-to-add/remove-from-my-watchlist" time="5.815963701">
        </testcase>
        <testcase name="When i click on the watchlist" classname="as-a-user-i-want-to-manage-my-account;as-a-user-i-want-to-be-able-to-add/remove-from-my-watchlist" time="4.603418699">
        </testcase>
        <testcase name="And find a movie to add" classname="as-a-user-i-want-to-manage-my-account;as-a-user-i-want-to-be-able-to-add/remove-from-my-watchlist" time="8.1284381">
        </testcase>
        <testcase name="And add a to watchlist" classname="as-a-user-i-want-to-manage-my-account;as-a-user-i-want-to-be-able-to-add/remove-from-my-watchlist" time="6.031975699">
        </testcase>
        <testcase name="And remove a movie from my watchlist" classname="as-a-user-i-want-to-manage-my-account;as-a-user-i-want-to-be-able-to-add/remove-from-my-watchlist" time="4.0181012">
        </testcase>
        <testcase name="Then the watchlist should be empty" classname="as-a-user-i-want-to-manage-my-account;as-a-user-i-want-to-be-able-to-add/remove-from-my-watchlist" time="0.0301029">
        </testcase>
    </testsuite>
</testsuites>