<?xml version="1.0" encoding="UTF-8"?>
<testsuites>
<<<<<<< HEAD
    <testsuite name=";i-type-in-an-unused-email-adress-and-a-password-i-should-be-able-to-create-an-account" tests="9" failures="0" skipped="0">
        <properties>
            <property name="URI" value="/Users/mariantowfik/Desktop/Cucumber/IMDB/features/search-google.feature">
            </property>
        </properties>
        <testcase name="Given That I’m on the platform IMDb.com" classname=";i-type-in-an-unused-email-adress-and-a-password-i-should-be-able-to-create-an-account" time="10.339299495">
        </testcase>
        <testcase name="When i press the button sign in" classname=";i-type-in-an-unused-email-adress-and-a-password-i-should-be-able-to-create-an-account" time="2.061950151">
        </testcase>
        <testcase name="And press the button Create a New Account" classname=";i-type-in-an-unused-email-adress-and-a-password-i-should-be-able-to-create-an-account" time="2.049732589">
        </testcase>
        <testcase name="And I enter my name &quot;Bertilsdotter&quot;" classname=";i-type-in-an-unused-email-adress-and-a-password-i-should-be-able-to-create-an-account" time="2.072496904">
        </testcase>
        <testcase name="And I enter a email adress" classname=";i-type-in-an-unused-email-adress-and-a-password-i-should-be-able-to-create-an-account" time="2.157699278">
        </testcase>
        <testcase name="And I type in a password &quot;bertilärbäst&quot;" classname=";i-type-in-an-unused-email-adress-and-a-password-i-should-be-able-to-create-an-account" time="2.065381907">
        </testcase>
        <testcase name="And I re-enter the same password &quot;bertilärbäst&quot;" classname=";i-type-in-an-unused-email-adress-and-a-password-i-should-be-able-to-create-an-account" time="2.075369375">
        </testcase>
        <testcase name="And I press Create your IMDb account" classname=";i-type-in-an-unused-email-adress-and-a-password-i-should-be-able-to-create-an-account" time="2.018368909">
        </testcase>
        <testcase name="Then I should be automatically logged in to my account with the name &quot;Bertilsdotter&quot;" classname=";i-type-in-an-unused-email-adress-and-a-password-i-should-be-able-to-create-an-account" time="1.58783475">
=======
    <testsuite name="searchfunction/categories;as-a-user-i-want-to-be-able-to-search-on-titles-on-imdb" tests="5" failures="0" skipped="0">
        <properties>
            <property name="URI" value="C:/Users/toby_/OneDrive/Dokument/Projekt/Testverktyg/IMDB/features/search-google.feature">
            </property>
        </properties>
        <testcase name="Given That I’m on the platform IMDb.com" classname="searchfunction/categories;as-a-user-i-want-to-be-able-to-search-on-titles-on-imdb" time="18.7291865">
        </testcase>
        <testcase name="When I enter the title &quot;Lion King&quot;" classname="searchfunction/categories;as-a-user-i-want-to-be-able-to-search-on-titles-on-imdb" time="3.038058201">
        </testcase>
        <testcase name="And I press the categories button titles" classname="searchfunction/categories;as-a-user-i-want-to-be-able-to-search-on-titles-on-imdb" time="3.661387901">
        </testcase>
        <testcase name="When I press the search button" classname="searchfunction/categories;as-a-user-i-want-to-be-able-to-search-on-titles-on-imdb" time="5.5328661">
        </testcase>
        <testcase name="Then I should see the search results based on the title &quot;Lion King&quot;" classname="searchfunction/categories;as-a-user-i-want-to-be-able-to-search-on-titles-on-imdb" time="3.5781173">
>>>>>>> master
        </testcase>
    </testsuite>
</testsuites>