<?xml version="1.0" encoding="UTF-8"?>
<testsuites>
    <testsuite name="as-a-user-i-want-to-manage-my-account;as-a-user-i-want-to-create-a-list" tests="6" failures="0" skipped="5">
        <properties>
            <property name="URI" value="/Users/mariantowfik/Desktop/Cucumber/IMDB/features/account-settings.feature">
            </property>
        </properties>
        <testcase name="Given That I’m on the platform IMDb.com" classname="as-a-user-i-want-to-manage-my-account;as-a-user-i-want-to-create-a-list">
        </testcase>
        <testcase name="Given that i am logged in" classname="as-a-user-i-want-to-manage-my-account;as-a-user-i-want-to-create-a-list">
            <skipped message="">
            </skipped>
        </testcase>
        <testcase name="And i have clicked create a new list" classname="as-a-user-i-want-to-manage-my-account;as-a-user-i-want-to-create-a-list">
            <skipped message="">
            </skipped>
        </testcase>
        <testcase name="And i have given my list a name" classname="as-a-user-i-want-to-manage-my-account;as-a-user-i-want-to-create-a-list">
            <skipped message="">
            </skipped>
        </testcase>
        <testcase name="When I click the Create button" classname="as-a-user-i-want-to-manage-my-account;as-a-user-i-want-to-create-a-list">
            <skipped message="">
            </skipped>
        </testcase>
        <testcase name="Then i should have a list" classname="as-a-user-i-want-to-manage-my-account;as-a-user-i-want-to-create-a-list">
            <skipped message="">
            </skipped>
        </testcase>
    </testsuite>
    <testsuite name="as-a-user-i-want-to-manage-my-account;as-a-user-i-want-to-be-able-to-add/remove-from-my-watchlist" tests="7" failures="0" skipped="6">
        <properties>
            <property name="URI" value="/Users/mariantowfik/Desktop/Cucumber/IMDB/features/account-settings.feature">
            </property>
        </properties>
        <testcase name="Given That I’m on the platform IMDb.com" classname="as-a-user-i-want-to-manage-my-account;as-a-user-i-want-to-be-able-to-add/remove-from-my-watchlist">
        </testcase>
        <testcase name="Given that i am logged in" classname="as-a-user-i-want-to-manage-my-account;as-a-user-i-want-to-be-able-to-add/remove-from-my-watchlist">
            <skipped message="">
            </skipped>
        </testcase>
        <testcase name="When i click on the watchlist" classname="as-a-user-i-want-to-manage-my-account;as-a-user-i-want-to-be-able-to-add/remove-from-my-watchlist">
            <skipped message="">
            </skipped>
        </testcase>
        <testcase name="And find a movie to add" classname="as-a-user-i-want-to-manage-my-account;as-a-user-i-want-to-be-able-to-add/remove-from-my-watchlist">
            <skipped message="">
            </skipped>
        </testcase>
        <testcase name="And add a to watchlist" classname="as-a-user-i-want-to-manage-my-account;as-a-user-i-want-to-be-able-to-add/remove-from-my-watchlist">
            <skipped message="">
            </skipped>
        </testcase>
        <testcase name="And remove a movie from my watchlist" classname="as-a-user-i-want-to-manage-my-account;as-a-user-i-want-to-be-able-to-add/remove-from-my-watchlist">
            <skipped message="">
            </skipped>
        </testcase>
        <testcase name="Then the watchlist should be empty" classname="as-a-user-i-want-to-manage-my-account;as-a-user-i-want-to-be-able-to-add/remove-from-my-watchlist">
            <skipped message="">
            </skipped>
        </testcase>
    </testsuite>
    <testsuite name="as-a-user-i-want-to-manage-my-account;as-a-user-when-i-try-to-use-a-registered-e-mail-i-should-get-an-error-message" tests="9" failures="0" skipped="7">
        <properties>
            <property name="URI" value="/Users/mariantowfik/Desktop/Cucumber/IMDB/features/account-settings.feature">
            </property>
        </properties>
        <testcase name="Given That I’m on the platform IMDb.com" classname="as-a-user-i-want-to-manage-my-account;as-a-user-when-i-try-to-use-a-registered-e-mail-i-should-get-an-error-message">
        </testcase>
        <testcase name="When I click the sign in button" classname="as-a-user-i-want-to-manage-my-account;as-a-user-when-i-try-to-use-a-registered-e-mail-i-should-get-an-error-message">
            <skipped message="">
            </skipped>
        </testcase>
        <testcase name="And I click the create a new account button" classname="as-a-user-i-want-to-manage-my-account;as-a-user-when-i-try-to-use-a-registered-e-mail-i-should-get-an-error-message">
            <skipped message="">
            </skipped>
        </testcase>
        <testcase name="And I enter my name" classname="as-a-user-i-want-to-manage-my-account;as-a-user-when-i-try-to-use-a-registered-e-mail-i-should-get-an-error-message">
        </testcase>
        <testcase name="And I enter my e-mail" classname="as-a-user-i-want-to-manage-my-account;as-a-user-when-i-try-to-use-a-registered-e-mail-i-should-get-an-error-message">
            <skipped message="">
            </skipped>
        </testcase>
        <testcase name="And I enter a valid password" classname="as-a-user-i-want-to-manage-my-account;as-a-user-when-i-try-to-use-a-registered-e-mail-i-should-get-an-error-message">
            <skipped message="">
            </skipped>
        </testcase>
        <testcase name="And I re-enter the password" classname="as-a-user-i-want-to-manage-my-account;as-a-user-when-i-try-to-use-a-registered-e-mail-i-should-get-an-error-message">
            <skipped message="">
            </skipped>
        </testcase>
        <testcase name="And I click the create an IMDB account button" classname="as-a-user-i-want-to-manage-my-account;as-a-user-when-i-try-to-use-a-registered-e-mail-i-should-get-an-error-message">
            <skipped message="">
            </skipped>
        </testcase>
        <testcase name="Then I should receive an error message" classname="as-a-user-i-want-to-manage-my-account;as-a-user-when-i-try-to-use-a-registered-e-mail-i-should-get-an-error-message">
            <skipped message="">
            </skipped>
        </testcase>
    </testsuite>
    <testsuite name="account;i-type-in-an-unused-email-adress-and-a-password-i-should-be-able-to-create-an-account" tests="9" failures="0" skipped="7">
        <properties>
            <property name="URI" value="/Users/mariantowfik/Desktop/Cucumber/IMDB/features/konto.feature">
            </property>
        </properties>
        <testcase name="Given That I’m on the platform IMDb.com" classname="account;i-type-in-an-unused-email-adress-and-a-password-i-should-be-able-to-create-an-account">
        </testcase>
        <testcase name="When i press the button sign in" classname="account;i-type-in-an-unused-email-adress-and-a-password-i-should-be-able-to-create-an-account">
            <skipped message="">
            </skipped>
        </testcase>
        <testcase name="And press the button Create a New Account" classname="account;i-type-in-an-unused-email-adress-and-a-password-i-should-be-able-to-create-an-account">
            <skipped message="">
            </skipped>
        </testcase>
        <testcase name="And I enter my name" classname="account;i-type-in-an-unused-email-adress-and-a-password-i-should-be-able-to-create-an-account">
        </testcase>
        <testcase name="And I enter a email adress" classname="account;i-type-in-an-unused-email-adress-and-a-password-i-should-be-able-to-create-an-account">
            <skipped message="">
            </skipped>
        </testcase>
        <testcase name="And I type in a password" classname="account;i-type-in-an-unused-email-adress-and-a-password-i-should-be-able-to-create-an-account">
            <skipped message="">
            </skipped>
        </testcase>
        <testcase name="And I re-enter the same password" classname="account;i-type-in-an-unused-email-adress-and-a-password-i-should-be-able-to-create-an-account">
            <skipped message="">
            </skipped>
        </testcase>
        <testcase name="And I press Create your IMDb account" classname="account;i-type-in-an-unused-email-adress-and-a-password-i-should-be-able-to-create-an-account">
            <skipped message="">
            </skipped>
        </testcase>
        <testcase name="Then I should be automatically logged in to my account" classname="account;i-type-in-an-unused-email-adress-and-a-password-i-should-be-able-to-create-an-account">
            <skipped message="">
            </skipped>
        </testcase>
    </testsuite>
    <testsuite name="account;i-want-to-login-with-the-same-email-and-password-that-i-registered-with" tests="7" failures="0" skipped="6">
        <properties>
            <property name="URI" value="/Users/mariantowfik/Desktop/Cucumber/IMDB/features/konto.feature">
            </property>
        </properties>
        <testcase name="Given That I’m on the platform IMDb.com" classname="account;i-want-to-login-with-the-same-email-and-password-that-i-registered-with">
        </testcase>
        <testcase name="When i press the button sign in" classname="account;i-want-to-login-with-the-same-email-and-password-that-i-registered-with">
            <skipped message="">
            </skipped>
        </testcase>
        <testcase name="And press the sign in with IMDb button" classname="account;i-want-to-login-with-the-same-email-and-password-that-i-registered-with">
            <skipped message="">
            </skipped>
        </testcase>
        <testcase name="And I enter my email" classname="account;i-want-to-login-with-the-same-email-and-password-that-i-registered-with">
            <skipped message="">
            </skipped>
        </testcase>
        <testcase name="And I enter my password" classname="account;i-want-to-login-with-the-same-email-and-password-that-i-registered-with">
            <skipped message="">
            </skipped>
        </testcase>
        <testcase name="And I press the yellow sign in button" classname="account;i-want-to-login-with-the-same-email-and-password-that-i-registered-with">
            <skipped message="">
            </skipped>
        </testcase>
        <testcase name="Then I should be logged in to my account" classname="account;i-want-to-login-with-the-same-email-and-password-that-i-registered-with">
            <skipped message="">
            </skipped>
        </testcase>
    </testsuite>
    <testsuite name="account;if-i-enter-a-faulty-password,-then-i-should-get-a-warning-when-trying-to-create-the-accouunt" tests="9" failures="0" skipped="7">
        <properties>
            <property name="URI" value="/Users/mariantowfik/Desktop/Cucumber/IMDB/features/konto.feature">
            </property>
        </properties>
        <testcase name="Given That I’m on the platform IMDb.com" classname="account;if-i-enter-a-faulty-password,-then-i-should-get-a-warning-when-trying-to-create-the-accouunt">
        </testcase>
        <testcase name="When i press the button sign in" classname="account;if-i-enter-a-faulty-password,-then-i-should-get-a-warning-when-trying-to-create-the-accouunt">
            <skipped message="">
            </skipped>
        </testcase>
        <testcase name="And press the button Create a New Account" classname="account;if-i-enter-a-faulty-password,-then-i-should-get-a-warning-when-trying-to-create-the-accouunt">
            <skipped message="">
            </skipped>
        </testcase>
        <testcase name="And I enter my name" classname="account;if-i-enter-a-faulty-password,-then-i-should-get-a-warning-when-trying-to-create-the-accouunt">
        </testcase>
        <testcase name="And I enter an unused email adress" classname="account;if-i-enter-a-faulty-password,-then-i-should-get-a-warning-when-trying-to-create-the-accouunt">
            <skipped message="">
            </skipped>
        </testcase>
        <testcase name="And I type in a faulty password" classname="account;if-i-enter-a-faulty-password,-then-i-should-get-a-warning-when-trying-to-create-the-accouunt">
            <skipped message="">
            </skipped>
        </testcase>
        <testcase name="And I re-enter the same faulty password" classname="account;if-i-enter-a-faulty-password,-then-i-should-get-a-warning-when-trying-to-create-the-accouunt">
            <skipped message="">
            </skipped>
        </testcase>
        <testcase name="And I press Create your IMDb account" classname="account;if-i-enter-a-faulty-password,-then-i-should-get-a-warning-when-trying-to-create-the-accouunt">
            <skipped message="">
            </skipped>
        </testcase>
        <testcase name="Then I should get a warning box" classname="account;if-i-enter-a-faulty-password,-then-i-should-get-a-warning-when-trying-to-create-the-accouunt">
            <skipped message="">
            </skipped>
        </testcase>
    </testsuite>
    <testsuite name="account;if-my-repeated-password-does-not-match-the-first-one-i-entered,-i-will-receive-a-warning-when-i-try-to-create-my-account" tests="9" failures="0" skipped="7">
        <properties>
            <property name="URI" value="/Users/mariantowfik/Desktop/Cucumber/IMDB/features/konto.feature">
            </property>
        </properties>
        <testcase name="Given That I’m on the platform IMDb.com" classname="account;if-my-repeated-password-does-not-match-the-first-one-i-entered,-i-will-receive-a-warning-when-i-try-to-create-my-account">
        </testcase>
        <testcase name="When i press the button sign in" classname="account;if-my-repeated-password-does-not-match-the-first-one-i-entered,-i-will-receive-a-warning-when-i-try-to-create-my-account">
            <skipped message="">
            </skipped>
        </testcase>
        <testcase name="And press the button Create a New Account" classname="account;if-my-repeated-password-does-not-match-the-first-one-i-entered,-i-will-receive-a-warning-when-i-try-to-create-my-account">
            <skipped message="">
            </skipped>
        </testcase>
        <testcase name="And I enter my name" classname="account;if-my-repeated-password-does-not-match-the-first-one-i-entered,-i-will-receive-a-warning-when-i-try-to-create-my-account">
        </testcase>
        <testcase name="And I enter a email adress" classname="account;if-my-repeated-password-does-not-match-the-first-one-i-entered,-i-will-receive-a-warning-when-i-try-to-create-my-account">
            <skipped message="">
            </skipped>
        </testcase>
        <testcase name="And I enter my password" classname="account;if-my-repeated-password-does-not-match-the-first-one-i-entered,-i-will-receive-a-warning-when-i-try-to-create-my-account">
            <skipped message="">
            </skipped>
        </testcase>
        <testcase name="And I reenter a not matching password" classname="account;if-my-repeated-password-does-not-match-the-first-one-i-entered,-i-will-receive-a-warning-when-i-try-to-create-my-account">
            <skipped message="">
            </skipped>
        </testcase>
        <testcase name="And I press Create your IMDb account" classname="account;if-my-repeated-password-does-not-match-the-first-one-i-entered,-i-will-receive-a-warning-when-i-try-to-create-my-account">
            <skipped message="">
            </skipped>
        </testcase>
        <testcase name="Then I should get a warning box" classname="account;if-my-repeated-password-does-not-match-the-first-one-i-entered,-i-will-receive-a-warning-when-i-try-to-create-my-account">
            <skipped message="">
            </skipped>
        </testcase>
    </testsuite>
    <testsuite name="search;as-a-user-i-want-to-be-able-to-search-on-titles-on-imdb" tests="5" failures="0" skipped="3">
        <properties>
            <property name="URI" value="/Users/mariantowfik/Desktop/Cucumber/IMDB/features/search-IMDB.feature">
            </property>
        </properties>
        <testcase name="Given That I’m on the platform IMDb.com" classname="search;as-a-user-i-want-to-be-able-to-search-on-titles-on-imdb">
        </testcase>
        <testcase name="When I enter the title &quot;Lion King&quot;" classname="search;as-a-user-i-want-to-be-able-to-search-on-titles-on-imdb">
            <skipped message="">
            </skipped>
        </testcase>
        <testcase name="And I press the categories button titles" classname="search;as-a-user-i-want-to-be-able-to-search-on-titles-on-imdb">
            <skipped message="">
            </skipped>
        </testcase>
        <testcase name="When I press the search button" classname="search;as-a-user-i-want-to-be-able-to-search-on-titles-on-imdb">
            <skipped message="">
            </skipped>
        </testcase>
        <testcase name="Then I should see the search results based on the title &quot;Lion King&quot;" classname="search;as-a-user-i-want-to-be-able-to-search-on-titles-on-imdb">
        </testcase>
    </testsuite>
    <testsuite name="search;i-type-in-an-unused-email-adress-and-a-password-i-should-be-able-to-create-an-account" tests="9" failures="0" skipped="8">
        <properties>
            <property name="URI" value="/Users/mariantowfik/Desktop/Cucumber/IMDB/features/search-IMDB.feature">
            </property>
        </properties>
        <testcase name="Given That I’m on the platform IMDb.com" classname="search;i-type-in-an-unused-email-adress-and-a-password-i-should-be-able-to-create-an-account">
        </testcase>
        <testcase name="When i press the button sign in" classname="search;i-type-in-an-unused-email-adress-and-a-password-i-should-be-able-to-create-an-account">
            <skipped message="">
            </skipped>
        </testcase>
        <testcase name="And press the button Create a New Account" classname="search;i-type-in-an-unused-email-adress-and-a-password-i-should-be-able-to-create-an-account">
            <skipped message="">
            </skipped>
        </testcase>
        <testcase name="And I enter my name &quot;Bertilsdotter&quot;" classname="search;i-type-in-an-unused-email-adress-and-a-password-i-should-be-able-to-create-an-account">
            <skipped message="">
            </skipped>
        </testcase>
        <testcase name="And I enter a email adress" classname="search;i-type-in-an-unused-email-adress-and-a-password-i-should-be-able-to-create-an-account">
            <skipped message="">
            </skipped>
        </testcase>
        <testcase name="And I type in a password &quot;bertilärbäst&quot;" classname="search;i-type-in-an-unused-email-adress-and-a-password-i-should-be-able-to-create-an-account">
            <skipped message="">
            </skipped>
        </testcase>
        <testcase name="And I re-enter the same password &quot;bertilärbäst&quot;" classname="search;i-type-in-an-unused-email-adress-and-a-password-i-should-be-able-to-create-an-account">
            <skipped message="">
            </skipped>
        </testcase>
        <testcase name="And I press Create your IMDb account" classname="search;i-type-in-an-unused-email-adress-and-a-password-i-should-be-able-to-create-an-account">
            <skipped message="">
            </skipped>
        </testcase>
        <testcase name="Then I should be automatically logged in to my account with the name &quot;Bertilsdotter&quot;" classname="search;i-type-in-an-unused-email-adress-and-a-password-i-should-be-able-to-create-an-account">
            <skipped message="">
            </skipped>
        </testcase>
    </testsuite>
    <testsuite name="search;as-a-user-i-want-to-be-able-to-search-on-titles-on-imdb" tests="5" failures="0" skipped="3">
        <properties>
            <property name="URI" value="/Users/mariantowfik/Desktop/Cucumber/IMDB/features/search-IMDB.feature">
            </property>
        </properties>
        <testcase name="Given That I’m on the platform IMDb.com" classname="search;as-a-user-i-want-to-be-able-to-search-on-titles-on-imdb">
        </testcase>
        <testcase name="When I enter the title &quot;Lion King&quot;" classname="search;as-a-user-i-want-to-be-able-to-search-on-titles-on-imdb">
            <skipped message="">
            </skipped>
        </testcase>
        <testcase name="And I press the categories button titles" classname="search;as-a-user-i-want-to-be-able-to-search-on-titles-on-imdb">
            <skipped message="">
            </skipped>
        </testcase>
        <testcase name="And I press the search button" classname="search;as-a-user-i-want-to-be-able-to-search-on-titles-on-imdb">
            <skipped message="">
            </skipped>
        </testcase>
        <testcase name="Then I should see the search results based on the title &quot;Lion King&quot;" classname="search;as-a-user-i-want-to-be-able-to-search-on-titles-on-imdb">
        </testcase>
    </testsuite>
    <testsuite name="search;as-a-user-i-want-to-be-able-to-search-on-imdb" tests="4" failures="0" skipped="3">
        <properties>
            <property name="URI" value="/Users/mariantowfik/Desktop/Cucumber/IMDB/features/search-IMDB.feature">
            </property>
        </properties>
        <testcase name="Given That I’m on the platform IMDb.com" classname="search;as-a-user-i-want-to-be-able-to-search-on-imdb">
        </testcase>
        <testcase name="When I enter &quot;Simpsons&quot; in the searchfield" classname="search;as-a-user-i-want-to-be-able-to-search-on-imdb">
            <skipped message="">
            </skipped>
        </testcase>
        <testcase name="And I press the search button" classname="search;as-a-user-i-want-to-be-able-to-search-on-imdb">
            <skipped message="">
            </skipped>
        </testcase>
        <testcase name="Then I should see results based on my search" classname="search;as-a-user-i-want-to-be-able-to-search-on-imdb">
            <skipped message="">
            </skipped>
        </testcase>
    </testsuite>
    <testsuite name="search;as-a-user-i-want-to-be-able-to-search-on-companies-on-imdb" tests="5" failures="0" skipped="3">
        <properties>
            <property name="URI" value="/Users/mariantowfik/Desktop/Cucumber/IMDB/features/search-IMDB.feature">
            </property>
        </properties>
        <testcase name="Given That I’m on the platform IMDb.com" classname="search;as-a-user-i-want-to-be-able-to-search-on-companies-on-imdb">
        </testcase>
        <testcase name="When I enter the company &quot;Twentieth Century Fox&quot;" classname="search;as-a-user-i-want-to-be-able-to-search-on-companies-on-imdb">
            <skipped message="">
            </skipped>
        </testcase>
        <testcase name="And I press the categories button companies" classname="search;as-a-user-i-want-to-be-able-to-search-on-companies-on-imdb">
            <skipped message="">
            </skipped>
        </testcase>
        <testcase name="And I press the search button" classname="search;as-a-user-i-want-to-be-able-to-search-on-companies-on-imdb">
            <skipped message="">
            </skipped>
        </testcase>
        <testcase name="Then I should see the search results based on the title &quot;Twentieth Century Fox&quot;" classname="search;as-a-user-i-want-to-be-able-to-search-on-companies-on-imdb">
        </testcase>
    </testsuite>
    <testsuite name="search;as-a-user-i-want-to-be-able-to-search-for-a-celebritie-on-imdb" tests="5" failures="0" skipped="4">
        <properties>
            <property name="URI" value="/Users/mariantowfik/Desktop/Cucumber/IMDB/features/search-IMDB.feature">
            </property>
        </properties>
        <testcase name="Given That I’m on the platform IMDb.com" classname="search;as-a-user-i-want-to-be-able-to-search-for-a-celebritie-on-imdb">
        </testcase>
        <testcase name="When I enter the name of &quot;Sylvester Stallone&quot;" classname="search;as-a-user-i-want-to-be-able-to-search-for-a-celebritie-on-imdb">
            <skipped message="">
            </skipped>
        </testcase>
        <testcase name="And I press the categories button celebrities" classname="search;as-a-user-i-want-to-be-able-to-search-for-a-celebritie-on-imdb">
            <skipped message="">
            </skipped>
        </testcase>
        <testcase name="And I press the search button" classname="search;as-a-user-i-want-to-be-able-to-search-for-a-celebritie-on-imdb">
            <skipped message="">
            </skipped>
        </testcase>
        <testcase name="Then I should see the search results based on the name &quot;Sylvester Stallone&quot;" classname="search;as-a-user-i-want-to-be-able-to-search-for-a-celebritie-on-imdb">
            <skipped message="">
            </skipped>
        </testcase>
    </testsuite>
    <testsuite name="search;as-a-user-i-want-to-be-able-to-search-on-tv-episodes-on-imdb" tests="5" failures="0" skipped="3">
        <properties>
            <property name="URI" value="/Users/mariantowfik/Desktop/Cucumber/IMDB/features/search-IMDB.feature">
            </property>
        </properties>
        <testcase name="Given That I’m on the platform IMDb.com" classname="search;as-a-user-i-want-to-be-able-to-search-on-tv-episodes-on-imdb">
        </testcase>
        <testcase name="When I enter the episode &quot;The Iron Throne&quot;" classname="search;as-a-user-i-want-to-be-able-to-search-on-tv-episodes-on-imdb">
            <skipped message="">
            </skipped>
        </testcase>
        <testcase name="And I press the categories button tv-episodes" classname="search;as-a-user-i-want-to-be-able-to-search-on-tv-episodes-on-imdb">
            <skipped message="">
            </skipped>
        </testcase>
        <testcase name="And I press the search button" classname="search;as-a-user-i-want-to-be-able-to-search-on-tv-episodes-on-imdb">
            <skipped message="">
            </skipped>
        </testcase>
        <testcase name="Then I should see the search results based on the title &quot;The Iron Throne&quot;" classname="search;as-a-user-i-want-to-be-able-to-search-on-tv-episodes-on-imdb">
        </testcase>
    </testsuite>
</testsuites>