<?xml version="1.0" encoding="UTF-8"?>
<testsuites>
    <testsuite name="account;i-type-in-an-unused-email-adress-and-a-password-i-should-be-able-to-create-an-account" tests="9" failures="0" skipped="0">
        <properties>
            <property name="URI" value="/Users/mariantowfik/Desktop/Cucumber/IMDB/features/konto.feature">
            </property>
        </properties>
        <testcase name="Given That I’m on the platform IMDb.com" classname="account;i-type-in-an-unused-email-adress-and-a-password-i-should-be-able-to-create-an-account" time="8.87632663">
        </testcase>
        <testcase name="When i press the button sign in" classname="account;i-type-in-an-unused-email-adress-and-a-password-i-should-be-able-to-create-an-account" time="2.138476632">
        </testcase>
        <testcase name="And press the button Create a New Account" classname="account;i-type-in-an-unused-email-adress-and-a-password-i-should-be-able-to-create-an-account" time="2.013534429">
        </testcase>
        <testcase name="And I enter my name" classname="account;i-type-in-an-unused-email-adress-and-a-password-i-should-be-able-to-create-an-account" time="2.090904262">
        </testcase>
        <testcase name="And I enter a email adress" classname="account;i-type-in-an-unused-email-adress-and-a-password-i-should-be-able-to-create-an-account" time="2.137920023">
        </testcase>
        <testcase name="And I type in a password" classname="account;i-type-in-an-unused-email-adress-and-a-password-i-should-be-able-to-create-an-account" time="2.105052269">
        </testcase>
        <testcase name="And I re-enter the same password" classname="account;i-type-in-an-unused-email-adress-and-a-password-i-should-be-able-to-create-an-account" time="2.062478398">
        </testcase>
        <testcase name="And I press Create your IMDb account" classname="account;i-type-in-an-unused-email-adress-and-a-password-i-should-be-able-to-create-an-account" time="2.013786785">
        </testcase>
        <testcase name="Then I should be automatically logged in to my account" classname="account;i-type-in-an-unused-email-adress-and-a-password-i-should-be-able-to-create-an-account" time="3.179052304">
        </testcase>
    </testsuite>
    <testsuite name="account;i-want-to-login-with-the-same-email-and-password-that-i-registered-with" tests="7" failures="0" skipped="0">
        <properties>
            <property name="URI" value="/Users/mariantowfik/Desktop/Cucumber/IMDB/features/konto.feature">
            </property>
        </properties>
        <testcase name="Given That I’m on the platform IMDb.com" classname="account;i-want-to-login-with-the-same-email-and-password-that-i-registered-with" time="9.030607936">
        </testcase>
        <testcase name="When i press the button sign in" classname="account;i-want-to-login-with-the-same-email-and-password-that-i-registered-with" time="2.117624826">
        </testcase>
        <testcase name="And press the sign in with IMDb button" classname="account;i-want-to-login-with-the-same-email-and-password-that-i-registered-with" time="2.129576339">
        </testcase>
        <testcase name="And I enter my email" classname="account;i-want-to-login-with-the-same-email-and-password-that-i-registered-with" time="2.185205042">
        </testcase>
        <testcase name="And I enter my password" classname="account;i-want-to-login-with-the-same-email-and-password-that-i-registered-with" time="2.064810087">
        </testcase>
        <testcase name="And I press the yellow sign in button" classname="account;i-want-to-login-with-the-same-email-and-password-that-i-registered-with" time="2.055423743">
        </testcase>
        <testcase name="Then I should be logged in to my account" classname="account;i-want-to-login-with-the-same-email-and-password-that-i-registered-with" time="4.039973695">
        </testcase>
    </testsuite>
    <testsuite name="account;if-i-enter-a-faulty-password,-then-i-should-get-a-warning-when-trying-to-create-the-accouunt" tests="9" failures="0" skipped="0">
        <properties>
            <property name="URI" value="/Users/mariantowfik/Desktop/Cucumber/IMDB/features/konto.feature">
            </property>
        </properties>
        <testcase name="Given That I’m on the platform IMDb.com" classname="account;if-i-enter-a-faulty-password,-then-i-should-get-a-warning-when-trying-to-create-the-accouunt" time="13.475107277">
        </testcase>
        <testcase name="When i press the button sign in" classname="account;if-i-enter-a-faulty-password,-then-i-should-get-a-warning-when-trying-to-create-the-accouunt" time="2.137397547">
        </testcase>
        <testcase name="And press the button Create a New Account" classname="account;if-i-enter-a-faulty-password,-then-i-should-get-a-warning-when-trying-to-create-the-accouunt" time="2.97778084">
        </testcase>
        <testcase name="And I enter my name" classname="account;if-i-enter-a-faulty-password,-then-i-should-get-a-warning-when-trying-to-create-the-accouunt" time="2.12902504">
        </testcase>
        <testcase name="And I enter an unused email adress" classname="account;if-i-enter-a-faulty-password,-then-i-should-get-a-warning-when-trying-to-create-the-accouunt" time="2.131536075">
        </testcase>
        <testcase name="And I type in a faulty password" classname="account;if-i-enter-a-faulty-password,-then-i-should-get-a-warning-when-trying-to-create-the-accouunt" time="2.064915915">
        </testcase>
        <testcase name="And I re-enter the same faulty password" classname="account;if-i-enter-a-faulty-password,-then-i-should-get-a-warning-when-trying-to-create-the-accouunt" time="2.064021352">
        </testcase>
        <testcase name="And I press Create your IMDb account" classname="account;if-i-enter-a-faulty-password,-then-i-should-get-a-warning-when-trying-to-create-the-accouunt" time="2.012395045">
        </testcase>
        <testcase name="Then I should get a warning box" classname="account;if-i-enter-a-faulty-password,-then-i-should-get-a-warning-when-trying-to-create-the-accouunt" time="2.011434829">
        </testcase>
    </testsuite>
    <testsuite name="account;if-my-repeated-password-does-not-match-the-first-one-i-entered,-i-will-receive-a-warning-when-i-try-to-create-my-account" tests="9" failures="0" skipped="0">
        <properties>
            <property name="URI" value="/Users/mariantowfik/Desktop/Cucumber/IMDB/features/konto.feature">
            </property>
        </properties>
        <testcase name="Given That I’m on the platform IMDb.com" classname="account;if-my-repeated-password-does-not-match-the-first-one-i-entered,-i-will-receive-a-warning-when-i-try-to-create-my-account" time="11.451124284">
        </testcase>
        <testcase name="When i press the button sign in" classname="account;if-my-repeated-password-does-not-match-the-first-one-i-entered,-i-will-receive-a-warning-when-i-try-to-create-my-account" time="2.12966542">
        </testcase>
        <testcase name="And press the button Create a New Account" classname="account;if-my-repeated-password-does-not-match-the-first-one-i-entered,-i-will-receive-a-warning-when-i-try-to-create-my-account" time="2.890777394">
        </testcase>
        <testcase name="And I enter my name" classname="account;if-my-repeated-password-does-not-match-the-first-one-i-entered,-i-will-receive-a-warning-when-i-try-to-create-my-account" time="2.101214276">
        </testcase>
        <testcase name="And I enter a email adress" classname="account;if-my-repeated-password-does-not-match-the-first-one-i-entered,-i-will-receive-a-warning-when-i-try-to-create-my-account" time="2.132325534">
        </testcase>
        <testcase name="And I enter my password" classname="account;if-my-repeated-password-does-not-match-the-first-one-i-entered,-i-will-receive-a-warning-when-i-try-to-create-my-account" time="2.082754868">
        </testcase>
        <testcase name="And I reenter a not matching password" classname="account;if-my-repeated-password-does-not-match-the-first-one-i-entered,-i-will-receive-a-warning-when-i-try-to-create-my-account" time="2.059230347">
        </testcase>
        <testcase name="And I press Create your IMDb account" classname="account;if-my-repeated-password-does-not-match-the-first-one-i-entered,-i-will-receive-a-warning-when-i-try-to-create-my-account" time="2.013619497">
        </testcase>
        <testcase name="Then I should get a warning box" classname="account;if-my-repeated-password-does-not-match-the-first-one-i-entered,-i-will-receive-a-warning-when-i-try-to-create-my-account" time="2.013685341">
        </testcase>
    </testsuite>
    <testsuite name="search;as-a-user-i-want-to-be-able-to-search-on-titles-on-imdb" tests="5" failures="1" skipped="2">
        <properties>
            <property name="URI" value="/Users/mariantowfik/Desktop/Cucumber/IMDB/features/search-IMDB.feature">
            </property>
        </properties>
        <testcase name="Given That I’m on the platform IMDb.com" classname="search;as-a-user-i-want-to-be-able-to-search-on-titles-on-imdb" time="17.142561094">
        </testcase>
        <testcase name="When I enter the title &quot;Lion King&quot;" classname="search;as-a-user-i-want-to-be-able-to-search-on-titles-on-imdb" time="2.01644935">
        </testcase>
        <testcase name="And I press the categories button titles" classname="search;as-a-user-i-want-to-be-able-to-search-on-titles-on-imdb" time="2.297387137">
            <failure message="WebDriverError: Element &lt;a class=&quot;ipc-list__item mdc-list-item _1xTnkpad08eEWkqotpqi4r&quot;&gt; could not be scrolled into view">WebDriverError: Element &lt;a class=&quot;ipc-list__item mdc-list-item _1xTnkpad08eEWkqotpqi4r&quot;&gt; could not be scrolled into view
    at Object.throwDecodedError (/Users/mariantowfik/Desktop/Cucumber/IMDB/node_modules/selenium-webdriver/lib/error.js:497:15)
    at parseHttpResponse (/Users/mariantowfik/Desktop/Cucumber/IMDB/node_modules/selenium-webdriver/lib/http.js:519:13)
    at /Users/mariantowfik/Desktop/Cucumber/IMDB/node_modules/selenium-webdriver/lib/http.js:441:30
    at processTicksAndRejections (internal/process/task_queues.js:93:5)
From: Task: WebElement.click()
    at thenableWebDriverProxy.schedule (/Users/mariantowfik/Desktop/Cucumber/IMDB/node_modules/selenium-webdriver/lib/webdriver.js:807:17)
    at WebElement.schedule_ (/Users/mariantowfik/Desktop/Cucumber/IMDB/node_modules/selenium-webdriver/lib/webdriver.js:2015:25)
    at WebElement.click (/Users/mariantowfik/Desktop/Cucumber/IMDB/node_modules/selenium-webdriver/lib/webdriver.js:2096:17)
    at createWorld.&lt;anonymous&gt; (/Users/mariantowfik/Desktop/Cucumber/IMDB/step-definitions/step-definitions.js:39:24)
    at processTicksAndRejections (internal/process/task_queues.js:93:5)</failure>
        </testcase>
        <testcase name="When I press the search button" classname="search;as-a-user-i-want-to-be-able-to-search-on-titles-on-imdb">
            <skipped message="">
            </skipped>
        </testcase>
        <testcase name="Then I should see the search results based on the title &quot;Lion King&quot;" classname="search;as-a-user-i-want-to-be-able-to-search-on-titles-on-imdb">
            <skipped message="">
            </skipped>
        </testcase>
    </testsuite>
</testsuites>