<?xml version="1.0" encoding="UTF-8"?>
<testsuites>
    <testsuite name=";as-a-user-i-want-to-be-able-to-search-on-titles-on-imdb" tests="5" failures="0" skipped="0">
        <properties>
            <property name="URI" value="/Users/mariantowfik/Desktop/Cucumber/IMDB/features/search-IMDB.feature">
            </property>
        </properties>
        <testcase name="Given That I’m on the platform IMDb.com" classname=";as-a-user-i-want-to-be-able-to-search-on-titles-on-imdb" time="9.637181778">
        </testcase>
        <testcase name="When I enter the title &quot;Lion King&quot;" classname=";as-a-user-i-want-to-be-able-to-search-on-titles-on-imdb" time="2.023538016">
        </testcase>
        <testcase name="And I press the categories button titles" classname=";as-a-user-i-want-to-be-able-to-search-on-titles-on-imdb" time="2.522494148">
        </testcase>
        <testcase name="When I press the search button" classname=";as-a-user-i-want-to-be-able-to-search-on-titles-on-imdb" time="2.330080128">
        </testcase>
        <testcase name="Then I should see the search results based on the title &quot;Lion King&quot;" classname=";as-a-user-i-want-to-be-able-to-search-on-titles-on-imdb" time="2.183392122">
        </testcase>
    </testsuite>
    <testsuite name=";i-type-in-an-unused-email-adress-and-a-password-i-should-be-able-to-create-an-account" tests="9" failures="0" skipped="2">
        <properties>
            <property name="URI" value="/Users/mariantowfik/Desktop/Cucumber/IMDB/features/search-IMDB.feature">
            </property>
        </properties>
        <testcase name="Given That I’m on the platform IMDb.com" classname=";i-type-in-an-unused-email-adress-and-a-password-i-should-be-able-to-create-an-account" time="8.550684798">
        </testcase>
        <testcase name="When i press the button sign in" classname=";i-type-in-an-unused-email-adress-and-a-password-i-should-be-able-to-create-an-account" time="2.0111527">
        </testcase>
        <testcase name="And press the button Create a New Account" classname=";i-type-in-an-unused-email-adress-and-a-password-i-should-be-able-to-create-an-account" time="2.033468844">
        </testcase>
        <testcase name="And I enter my name" classname=";i-type-in-an-unused-email-adress-and-a-password-i-should-be-able-to-create-an-account" time="2.10266468">
        </testcase>
        <testcase name="And I enter a email adress" classname=";i-type-in-an-unused-email-adress-and-a-password-i-should-be-able-to-create-an-account" time="2.131163834">
        </testcase>
        <testcase name="And I type in a password" classname=";i-type-in-an-unused-email-adress-and-a-password-i-should-be-able-to-create-an-account" time="2.084283158">
        </testcase>
        <testcase name="And I re-enter the same password" classname=";i-type-in-an-unused-email-adress-and-a-password-i-should-be-able-to-create-an-account" time="2.059605124">
        </testcase>
        <testcase name="And I press Create your IMDb account" classname=";i-type-in-an-unused-email-adress-and-a-password-i-should-be-able-to-create-an-account">
            <skipped message="">
            </skipped>
        </testcase>
        <testcase name="Then I should be automatically logged in to my account" classname=";i-type-in-an-unused-email-adress-and-a-password-i-should-be-able-to-create-an-account">
            <skipped message="">
            </skipped>
        </testcase>
    </testsuite>
    <testsuite name=";i-want-to-login-with-the-same-email-and-password-that-i-registered-with" tests="7" failures="1" skipped="0">
        <properties>
            <property name="URI" value="/Users/mariantowfik/Desktop/Cucumber/IMDB/features/search-IMDB.feature">
            </property>
        </properties>
        <testcase name="Given That I’m on the platform IMDb.com" classname=";i-want-to-login-with-the-same-email-and-password-that-i-registered-with" time="8.45258715">
        </testcase>
        <testcase name="When i press the button sign in" classname=";i-want-to-login-with-the-same-email-and-password-that-i-registered-with" time="2.009583862">
        </testcase>
        <testcase name="And press the sign in with IMDb button" classname=";i-want-to-login-with-the-same-email-and-password-that-i-registered-with" time="2.015115714">
        </testcase>
        <testcase name="And I enter my email" classname=";i-want-to-login-with-the-same-email-and-password-that-i-registered-with" time="2.189898427">
        </testcase>
        <testcase name="And I enter my password" classname=";i-want-to-login-with-the-same-email-and-password-that-i-registered-with" time="2.065987651">
        </testcase>
        <testcase name="And I press the yellow sign in button" classname=";i-want-to-login-with-the-same-email-and-password-that-i-registered-with" time="2.091551489">
        </testcase>
        <testcase name="Then I should be logged in to my account" classname=";i-want-to-login-with-the-same-email-and-password-that-i-registered-with" time="0.010860919">
            <failure message="TypeError: Cannot read property &apos;getText&apos; of null">TypeError: Cannot read property &apos;getText&apos; of null
    at createWorld.&lt;anonymous&gt; (/Users/mariantowfik/Desktop/Cucumber/IMDB/step-definitions/step-definitions.js:180:45)
    at processTicksAndRejections (internal/process/task_queues.js:93:5)</failure>
        </testcase>
    </testsuite>
    <testsuite name=";if-i-enter-a-faulty-password,-then-i-should-get-a-warning-when-trying-to-create-the-accouunt" tests="9" failures="0" skipped="4">
        <properties>
            <property name="URI" value="/Users/mariantowfik/Desktop/Cucumber/IMDB/features/search-IMDB.feature">
            </property>
        </properties>
        <testcase name="Given That I’m on the platform IMDb.com" classname=";if-i-enter-a-faulty-password,-then-i-should-get-a-warning-when-trying-to-create-the-accouunt" time="8.577479343">
        </testcase>
        <testcase name="When i press the button sign in" classname=";if-i-enter-a-faulty-password,-then-i-should-get-a-warning-when-trying-to-create-the-accouunt" time="2.010782256">
        </testcase>
        <testcase name="And press the button Create a New Account" classname=";if-i-enter-a-faulty-password,-then-i-should-get-a-warning-when-trying-to-create-the-accouunt" time="2.039348185">
        </testcase>
        <testcase name="And I enter my name" classname=";if-i-enter-a-faulty-password,-then-i-should-get-a-warning-when-trying-to-create-the-accouunt" time="2.13098832">
        </testcase>
        <testcase name="And I enter a email adress" classname=";if-i-enter-a-faulty-password,-then-i-should-get-a-warning-when-trying-to-create-the-accouunt" time="2.11561606">
        </testcase>
        <testcase name="And I type in a faulty password" classname=";if-i-enter-a-faulty-password,-then-i-should-get-a-warning-when-trying-to-create-the-accouunt">
            <skipped message="">
            </skipped>
        </testcase>
        <testcase name="And I re-enter the same faulty password" classname=";if-i-enter-a-faulty-password,-then-i-should-get-a-warning-when-trying-to-create-the-accouunt">
            <skipped message="">
            </skipped>
        </testcase>
        <testcase name="And I press Create your IMDb account" classname=";if-i-enter-a-faulty-password,-then-i-should-get-a-warning-when-trying-to-create-the-accouunt">
            <skipped message="">
            </skipped>
        </testcase>
        <testcase name="Then I should get a warning box" classname=";if-i-enter-a-faulty-password,-then-i-should-get-a-warning-when-trying-to-create-the-accouunt">
            <skipped message="">
            </skipped>
        </testcase>
    </testsuite>
</testsuites>