<?xml version="1.0" encoding="UTF-8"?>
<testsuites>
    <testsuite name="as-a-user-i-want-to-manage-my-account;as-a-user-i-want-to-be-able-to-add/remove-from-my-watchlist" tests="6" failures="0" skipped="4">
        <properties>
            <property name="URI" value="C:/Users/toby_/OneDrive/Dokument/Projekt/Testverktyg/IMDB/features/account-settings.feature">
            </property>
        </properties>
        <testcase name="Given That I’m on the platform IMDb.com" classname="as-a-user-i-want-to-manage-my-account;as-a-user-i-want-to-be-able-to-add/remove-from-my-watchlist" time="16.616012501">
        </testcase>
        <testcase name="Given that i am logged in" classname="as-a-user-i-want-to-manage-my-account;as-a-user-i-want-to-be-able-to-add/remove-from-my-watchlist" time="8.8365267">
        </testcase>
        <testcase name="And click on the watchlist" classname="as-a-user-i-want-to-manage-my-account;as-a-user-i-want-to-be-able-to-add/remove-from-my-watchlist">
            <skipped message="">
            </skipped>
        </testcase>
        <testcase name="When I&apos;m in my watchlist" classname="as-a-user-i-want-to-manage-my-account;as-a-user-i-want-to-be-able-to-add/remove-from-my-watchlist">
            <skipped message="">
            </skipped>
        </testcase>
        <testcase name="And add something to my watchlist" classname="as-a-user-i-want-to-manage-my-account;as-a-user-i-want-to-be-able-to-add/remove-from-my-watchlist">
            <skipped message="">
            </skipped>
        </testcase>
        <testcase name="Then remove something from my watchlist" classname="as-a-user-i-want-to-manage-my-account;as-a-user-i-want-to-be-able-to-add/remove-from-my-watchlist">
            <skipped message="">
            </skipped>
        </testcase>
    </testsuite>
    <testsuite name="as-a-user-i-want-to-manage-my-account;as-a-user-when-i-try-to-use-a-registered-e-mail-i-should-get-an-error-message" tests="9" failures="0" skipped="0">
        <properties>
            <property name="URI" value="C:/Users/toby_/OneDrive/Dokument/Projekt/Testverktyg/IMDB/features/account-settings.feature">
            </property>
        </properties>
        <testcase name="Given That I’m on the platform IMDb.com" classname="as-a-user-i-want-to-manage-my-account;as-a-user-when-i-try-to-use-a-registered-e-mail-i-should-get-an-error-message" time="18.288334801">
        </testcase>
        <testcase name="When I click the sign in button" classname="as-a-user-i-want-to-manage-my-account;as-a-user-when-i-try-to-use-a-registered-e-mail-i-should-get-an-error-message" time="2.307994099">
        </testcase>
        <testcase name="And I click the create a new account button" classname="as-a-user-i-want-to-manage-my-account;as-a-user-when-i-try-to-use-a-registered-e-mail-i-should-get-an-error-message" time="2.623581699">
        </testcase>
        <testcase name="And I enter my name" classname="as-a-user-i-want-to-manage-my-account;as-a-user-when-i-try-to-use-a-registered-e-mail-i-should-get-an-error-message" time="0.0012649">
        </testcase>
        <testcase name="And I enter my e-mail" classname="as-a-user-i-want-to-manage-my-account;as-a-user-when-i-try-to-use-a-registered-e-mail-i-should-get-an-error-message" time="0.002096601">
        </testcase>
        <testcase name="And I enter a valid password" classname="as-a-user-i-want-to-manage-my-account;as-a-user-when-i-try-to-use-a-registered-e-mail-i-should-get-an-error-message" time="0.0022108">
        </testcase>
        <testcase name="And I re-enter the password" classname="as-a-user-i-want-to-manage-my-account;as-a-user-when-i-try-to-use-a-registered-e-mail-i-should-get-an-error-message" time="0.0011346">
        </testcase>
        <testcase name="And I click the create an IMDB account button" classname="as-a-user-i-want-to-manage-my-account;as-a-user-when-i-try-to-use-a-registered-e-mail-i-should-get-an-error-message" time="2.3184289">
        </testcase>
        <testcase name="Then I should receive an error message" classname="as-a-user-i-want-to-manage-my-account;as-a-user-when-i-try-to-use-a-registered-e-mail-i-should-get-an-error-message" time="2.1912452">
        </testcase>
    </testsuite>
    <testsuite name="title;i-type-in-an-unused-email-adress-and-a-password-i-should-be-able-to-create-an-account" tests="9" failures="0" skipped="0">
        <properties>
            <property name="URI" value="C:/Users/toby_/OneDrive/Dokument/Projekt/Testverktyg/IMDB/features/search-IMDB.feature">
            </property>
        </properties>
        <testcase name="Given That I’m on the platform IMDb.com" classname="title;i-type-in-an-unused-email-adress-and-a-password-i-should-be-able-to-create-an-account" time="13.6426819">
        </testcase>
        <testcase name="When i press the button sign in" classname="title;i-type-in-an-unused-email-adress-and-a-password-i-should-be-able-to-create-an-account" time="2.093192499">
        </testcase>
        <testcase name="And press the button Create a New Account" classname="title;i-type-in-an-unused-email-adress-and-a-password-i-should-be-able-to-create-an-account" time="2.0365313">
        </testcase>
        <testcase name="And I enter my name &quot;Bertilsdotter&quot;" classname="title;i-type-in-an-unused-email-adress-and-a-password-i-should-be-able-to-create-an-account" time="2.2800825">
        </testcase>
        <testcase name="And I enter a email adress" classname="title;i-type-in-an-unused-email-adress-and-a-password-i-should-be-able-to-create-an-account" time="2.226193399">
        </testcase>
        <testcase name="And I type in a password &quot;bertilärbäst&quot;" classname="title;i-type-in-an-unused-email-adress-and-a-password-i-should-be-able-to-create-an-account" time="2.1878885">
        </testcase>
        <testcase name="And I re-enter the same password &quot;bertilärbäst&quot;" classname="title;i-type-in-an-unused-email-adress-and-a-password-i-should-be-able-to-create-an-account" time="2.0699741">
        </testcase>
        <testcase name="And I press Create your IMDb account" classname="title;i-type-in-an-unused-email-adress-and-a-password-i-should-be-able-to-create-an-account" time="2.0264427">
        </testcase>
        <testcase name="Then I should be automatically logged in to my account with the name &quot;Bertilsdotter&quot;" classname="title;i-type-in-an-unused-email-adress-and-a-password-i-should-be-able-to-create-an-account" time="2.5537325">
        </testcase>
    </testsuite>
    <testsuite name="title;as-a-user-i-want-to-be-able-to-search-on-titles-on-imdb" tests="5" failures="0" skipped="0">
        <properties>
            <property name="URI" value="C:/Users/toby_/OneDrive/Dokument/Projekt/Testverktyg/IMDB/features/search-IMDB.feature">
            </property>
        </properties>
        <testcase name="Given That I’m on the platform IMDb.com" classname="title;as-a-user-i-want-to-be-able-to-search-on-titles-on-imdb" time="16.4261332">
        </testcase>
        <testcase name="When I enter the title &quot;Lion King&quot;" classname="title;as-a-user-i-want-to-be-able-to-search-on-titles-on-imdb" time="2.0328998">
        </testcase>
        <testcase name="And I press the categories button titles" classname="title;as-a-user-i-want-to-be-able-to-search-on-titles-on-imdb" time="2.8628522">
        </testcase>
        <testcase name="And I press the search button" classname="title;as-a-user-i-want-to-be-able-to-search-on-titles-on-imdb" time="3.498611399">
        </testcase>
        <testcase name="Then I should see the search results based on the title &quot;Lion King&quot;" classname="title;as-a-user-i-want-to-be-able-to-search-on-titles-on-imdb" time="2.3460841">
        </testcase>
    </testsuite>
    <testsuite name="title;as-a-user-i-want-to-be-able-to-search-on-imdb" tests="4" failures="0" skipped="0">
        <properties>
            <property name="URI" value="C:/Users/toby_/OneDrive/Dokument/Projekt/Testverktyg/IMDB/features/search-IMDB.feature">
            </property>
        </properties>
        <testcase name="Given That I’m on the platform IMDb.com" classname="title;as-a-user-i-want-to-be-able-to-search-on-imdb" time="15.2997361">
        </testcase>
        <testcase name="When I enter &quot;Simpsons&quot; in the searchfield" classname="title;as-a-user-i-want-to-be-able-to-search-on-imdb" time="2.0310236">
        </testcase>
        <testcase name="And I press the search button" classname="title;as-a-user-i-want-to-be-able-to-search-on-imdb" time="2.8800265">
        </testcase>
        <testcase name="Then I should see results based on my search" classname="title;as-a-user-i-want-to-be-able-to-search-on-imdb" time="2.0331309">
        </testcase>
    </testsuite>
    <testsuite name="title;as-a-user-i-want-to-be-able-to-search-on-companies-on-imdb" tests="5" failures="0" skipped="0">
        <properties>
            <property name="URI" value="C:/Users/toby_/OneDrive/Dokument/Projekt/Testverktyg/IMDB/features/search-IMDB.feature">
            </property>
        </properties>
        <testcase name="Given That I’m on the platform IMDb.com" classname="title;as-a-user-i-want-to-be-able-to-search-on-companies-on-imdb" time="12.4527657">
        </testcase>
        <testcase name="When I enter the company &quot;Twentieth Century Fox&quot;" classname="title;as-a-user-i-want-to-be-able-to-search-on-companies-on-imdb" time="2.021560699">
        </testcase>
        <testcase name="And I press the categories button companies" classname="title;as-a-user-i-want-to-be-able-to-search-on-companies-on-imdb" time="2.6632153">
        </testcase>
        <testcase name="And I press the search button" classname="title;as-a-user-i-want-to-be-able-to-search-on-companies-on-imdb" time="2.1367247">
        </testcase>
        <testcase name="Then I should see the search results based on the title &quot;Twentieth Century Fox&quot;" classname="title;as-a-user-i-want-to-be-able-to-search-on-companies-on-imdb" time="2.1729244">
        </testcase>
    </testsuite>
    <testsuite name="title;as-a-user-i-want-to-be-able-to-search-for-a-celebritie-on-imdb" tests="5" failures="0" skipped="0">
        <properties>
            <property name="URI" value="C:/Users/toby_/OneDrive/Dokument/Projekt/Testverktyg/IMDB/features/search-IMDB.feature">
            </property>
        </properties>
        <testcase name="Given That I’m on the platform IMDb.com" classname="title;as-a-user-i-want-to-be-able-to-search-for-a-celebritie-on-imdb" time="10.374812601">
        </testcase>
        <testcase name="When I enter the name of &quot;Sylvester Stallone&quot;" classname="title;as-a-user-i-want-to-be-able-to-search-for-a-celebritie-on-imdb" time="2.024828201">
        </testcase>
        <testcase name="And I press the categories button celebrities" classname="title;as-a-user-i-want-to-be-able-to-search-for-a-celebritie-on-imdb" time="2.613952701">
        </testcase>
        <testcase name="And I press the search button" classname="title;as-a-user-i-want-to-be-able-to-search-for-a-celebritie-on-imdb" time="2.501219899">
        </testcase>
        <testcase name="Then I should see the search results based on the name &quot;Sylvester Stallone&quot;" classname="title;as-a-user-i-want-to-be-able-to-search-for-a-celebritie-on-imdb" time="2.165575901">
        </testcase>
    </testsuite>
    <testsuite name="title;as-a-user-i-want-to-be-able-to-search-on-tv-episodes-on-imdb" tests="5" failures="0" skipped="0">
        <properties>
            <property name="URI" value="C:/Users/toby_/OneDrive/Dokument/Projekt/Testverktyg/IMDB/features/search-IMDB.feature">
            </property>
        </properties>
        <testcase name="Given That I’m on the platform IMDb.com" classname="title;as-a-user-i-want-to-be-able-to-search-on-tv-episodes-on-imdb" time="18.1095463">
        </testcase>
        <testcase name="When I enter the episode &quot;The Iron Throne&quot;" classname="title;as-a-user-i-want-to-be-able-to-search-on-tv-episodes-on-imdb" time="2.101893199">
        </testcase>
        <testcase name="And I press the categories button tv-episodes" classname="title;as-a-user-i-want-to-be-able-to-search-on-tv-episodes-on-imdb" time="3.1161082">
        </testcase>
        <testcase name="And I press the search button" classname="title;as-a-user-i-want-to-be-able-to-search-on-tv-episodes-on-imdb" time="2.9192072">
        </testcase>
        <testcase name="Then I should see the search results based on the title &quot;The Iron Throne&quot;" classname="title;as-a-user-i-want-to-be-able-to-search-on-tv-episodes-on-imdb" time="2.4245665">
        </testcase>
    </testsuite>
</testsuites>