<?xml version="1.0" encoding="UTF-8"?>
<testsuites>
    <testsuite name="searchfunction/categories;as-a-user-i-want-to-be-able-to-search-on-titles-on-imdb" tests="6" failures="0" skipped="0">
        <properties>
            <property name="URI" value="C:/Users/maxfa/Desktop/testverktyg/IMDB/features/search-google.feature">
            </property>
        </properties>
        <testcase name="Given That Iâ€™m on the platform IMDb.com" classname="searchfunction/categories;as-a-user-i-want-to-be-able-to-search-on-titles-on-imdb" time="26.156511">
        </testcase>
        <testcase name="When I enter a title" classname="searchfunction/categories;as-a-user-i-want-to-be-able-to-search-on-titles-on-imdb" time="0.000389099">
        </testcase>
        <testcase name="And I press the categories button" classname="searchfunction/categories;as-a-user-i-want-to-be-able-to-search-on-titles-on-imdb" time="0.0006908">
        </testcase>
        <testcase name="And I press Titles" classname="searchfunction/categories;as-a-user-i-want-to-be-able-to-search-on-titles-on-imdb" time="0.000551301">
        </testcase>
        <testcase name="When I press the search button" classname="searchfunction/categories;as-a-user-i-want-to-be-able-to-search-on-titles-on-imdb" time="0.0004143">
        </testcase>
        <testcase name="Then I should see the search results based on titles" classname="searchfunction/categories;as-a-user-i-want-to-be-able-to-search-on-titles-on-imdb" time="0.0004748">
        </testcase>
    </testsuite>
</testsuites>